{"level":"info","message":"[GET] 200 - /projects/6676b3b45fdba47a77517839/tasks - 35ms - User-Agent: Artillery (https://artillery.io)","timestamp":"2024-06-23 15:04:57"}
{"level":"info","message":"[GET] 200 - /projects/6676b3b45fdba47a77517839/tasks - 7ms - User-Agent: Artillery (https://artillery.io)","timestamp":"2024-06-23 15:04:57"}
{"level":"info","message":"[GET] 200 - /projects/6676b3b45fdba47a77517839/tasks - 8ms - User-Agent: Artillery (https://artillery.io)","timestamp":"2024-06-23 15:04:57"}
{"level":"info","message":"[GET] 200 - /projects/6676b3b45fdba47a77517839/tasks - 9ms - User-Agent: Artillery (https://artillery.io)","timestamp":"2024-06-23 15:04:57"}
{"level":"info","message":"[GET] 200 - /projects/6676b3b45fdba47a77517839/tasks - 7ms - User-Agent: Artillery (https://artillery.io)","timestamp":"2024-06-23 15:04:57"}
{"level":"info","message":"[GET] 200 - /projects/6676b3b45fdba47a77517839/tasks - 34ms - User-Agent: Artillery (https://artillery.io)","timestamp":"2024-06-23 15:04:57"}
{"level":"info","message":"[GET] 200 - /projects/6676b3b45fdba47a77517839/tasks - 22ms - User-Agent: Artillery (https://artillery.io)","timestamp":"2024-06-23 15:04:57"}
{"level":"info","message":"[GET] 200 - /projects/6676b3b45fdba47a77517839/tasks - 7ms - User-Agent: Artillery (https://artillery.io)","timestamp":"2024-06-23 15:04:57"}
{"level":"info","message":"[GET] 200 - /projects/6676b3b45fdba47a77517839/tasks - 12ms - User-Agent: Artillery (https://artillery.io)","timestamp":"2024-06-23 15:04:57"}
{"level":"info","message":"[GET] 200 - /projects/6676b3b45fdba47a77517839/tasks - 9ms - User-Agent: Artillery (https://artillery.io)","timestamp":"2024-06-23 15:04:57"}
{"level":"info","message":"[GET] 200 - /projects/6676b3b45fdba47a77517839/tasks - 10ms - User-Agent: Artillery (https://artillery.io)","timestamp":"2024-06-23 15:04:57"}
{"level":"info","message":"[GET] 200 - /projects/6676b3b45fdba47a77517839/tasks - 10ms - User-Agent: Artillery (https://artillery.io)","timestamp":"2024-06-23 15:04:57"}
{"level":"info","message":"[GET] 200 - /projects/6676b3b45fdba47a77517839/tasks - 12ms - User-Agent: Artillery (https://artillery.io)","timestamp":"2024-06-23 15:04:57"}
{"level":"info","message":"[GET] 200 - /projects/6676b3b45fdba47a77517839/tasks - 9ms - User-Agent: Artillery (https://artillery.io)","timestamp":"2024-06-23 15:04:58"}
{"level":"info","message":"[GET] 200 - /projects/6676b3b45fdba47a77517839/tasks - 12ms - User-Agent: Artillery (https://artillery.io)","timestamp":"2024-06-23 15:04:58"}
{"level":"info","message":"[GET] 200 - /projects/6676b3b45fdba47a77517839/tasks - 7ms - User-Agent: Artillery (https://artillery.io)","timestamp":"2024-06-23 15:04:58"}
{"level":"info","message":"[GET] 200 - /projects/6676b3b45fdba47a77517839/tasks - 12ms - User-Agent: Artillery (https://artillery.io)","timestamp":"2024-06-23 15:04:58"}
{"level":"info","message":"[GET] 200 - /projects/6676b3b45fdba47a77517839/tasks - 20ms - User-Agent: Artillery (https://artillery.io)","timestamp":"2024-06-23 15:04:58"}
{"level":"info","message":"[GET] 200 - /projects/6676b3b45fdba47a77517839/tasks - 25ms - User-Agent: Artillery (https://artillery.io)","timestamp":"2024-06-23 15:04:58"}
{"level":"info","message":"[GET] 200 - /projects/6676b3b45fdba47a77517839/tasks - 20ms - User-Agent: Artillery (https://artillery.io)","timestamp":"2024-06-23 15:04:58"}
{"level":"info","message":"[GET] 200 - /projects/6676b3b45fdba47a77517839/tasks - 15ms - User-Agent: Artillery (https://artillery.io)","timestamp":"2024-06-23 15:04:58"}
{"level":"info","message":"[GET] 200 - /projects/6676b3b45fdba47a77517839/tasks - 16ms - User-Agent: Artillery (https://artillery.io)","timestamp":"2024-06-23 15:04:58"}
{"level":"info","message":"[GET] 200 - /projects/6676b3b45fdba47a77517839/tasks - 5ms - User-Agent: Artillery (https://artillery.io)","timestamp":"2024-06-23 15:04:58"}
{"level":"info","message":"[GET] 200 - /projects/6676b3b45fdba47a77517839/tasks - 6ms - User-Agent: Artillery (https://artillery.io)","timestamp":"2024-06-23 15:04:58"}
{"level":"info","message":"[GET] 200 - /projects/6676b3b45fdba47a77517839/tasks - 12ms - User-Agent: Artillery (https://artillery.io)","timestamp":"2024-06-23 15:04:58"}
{"level":"info","message":"[GET] 200 - /projects/6676b3b45fdba47a77517839/tasks - 10ms - User-Agent: Artillery (https://artillery.io)","timestamp":"2024-06-23 15:04:58"}
{"level":"info","message":"[GET] 200 - /projects/6676b3b45fdba47a77517839/tasks - 5ms - User-Agent: Artillery (https://artillery.io)","timestamp":"2024-06-23 15:04:58"}
{"level":"info","message":"[GET] 200 - /projects/6676b3b45fdba47a77517839/tasks - 19ms - User-Agent: Artillery (https://artillery.io)","timestamp":"2024-06-23 15:04:58"}
{"level":"info","message":"[GET] 200 - /projects/6676b3b45fdba47a77517839/tasks - 7ms - User-Agent: Artillery (https://artillery.io)","timestamp":"2024-06-23 15:04:58"}
{"level":"info","message":"[GET] 200 - /projects/6676b3b45fdba47a77517839/tasks - 4ms - User-Agent: Artillery (https://artillery.io)","timestamp":"2024-06-23 15:04:58"}
{"level":"info","message":"[GET] 200 - /projects/6676b3b45fdba47a77517839/tasks - 5ms - User-Agent: Artillery (https://artillery.io)","timestamp":"2024-06-23 15:04:58"}
{"level":"info","message":"[GET] 200 - /projects/6676b3b45fdba47a77517839/tasks - 4ms - User-Agent: Artillery (https://artillery.io)","timestamp":"2024-06-23 15:04:58"}
{"level":"info","message":"[GET] 200 - /projects/6676b3b45fdba47a77517839/tasks - 5ms - User-Agent: Artillery (https://artillery.io)","timestamp":"2024-06-23 15:04:58"}
{"level":"info","message":"[GET] 200 - /projects/6676b3b45fdba47a77517839/tasks - 6ms - User-Agent: Artillery (https://artillery.io)","timestamp":"2024-06-23 15:04:58"}
{"level":"info","message":"[GET] 200 - /projects/6676b3b45fdba47a77517839/tasks - 9ms - User-Agent: Artillery (https://artillery.io)","timestamp":"2024-06-23 15:04:58"}
{"level":"info","message":"[GET] 200 - /projects/6676b3b45fdba47a77517839/tasks - 6ms - User-Agent: Artillery (https://artillery.io)","timestamp":"2024-06-23 15:04:58"}
{"level":"info","message":"[GET] 200 - /projects/6676b3b45fdba47a77517839/tasks - 5ms - User-Agent: Artillery (https://artillery.io)","timestamp":"2024-06-23 15:04:58"}
{"level":"info","message":"[GET] 200 - /projects/6676b3b45fdba47a77517839/tasks - 6ms - User-Agent: Artillery (https://artillery.io)","timestamp":"2024-06-23 15:04:58"}
{"level":"info","message":"[GET] 200 - /projects/6676b3b45fdba47a77517839/tasks - 6ms - User-Agent: Artillery (https://artillery.io)","timestamp":"2024-06-23 15:04:58"}
{"level":"info","message":"[GET] 200 - /projects/6676b3b45fdba47a77517839/tasks - 9ms - User-Agent: Artillery (https://artillery.io)","timestamp":"2024-06-23 15:04:58"}
{"level":"info","message":"[GET] 200 - /projects/6676b3b45fdba47a77517839/tasks - 5ms - User-Agent: Artillery (https://artillery.io)","timestamp":"2024-06-23 15:04:58"}
{"level":"info","message":"[GET] 200 - /projects/6676b3b45fdba47a77517839/tasks - 5ms - User-Agent: Artillery (https://artillery.io)","timestamp":"2024-06-23 15:04:58"}
{"level":"info","message":"[GET] 200 - /projects/6676b3b45fdba47a77517839/tasks - 4ms - User-Agent: Artillery (https://artillery.io)","timestamp":"2024-06-23 15:04:58"}
{"level":"info","message":"[GET] 200 - /projects/6676b3b45fdba47a77517839/tasks - 6ms - User-Agent: Artillery (https://artillery.io)","timestamp":"2024-06-23 15:04:58"}
{"level":"info","message":"[GET] 200 - /projects/6676b3b45fdba47a77517839/tasks - 5ms - User-Agent: Artillery (https://artillery.io)","timestamp":"2024-06-23 15:04:58"}
{"level":"info","message":"[GET] 200 - /projects/6676b3b45fdba47a77517839/tasks - 5ms - User-Agent: Artillery (https://artillery.io)","timestamp":"2024-06-23 15:04:58"}
{"level":"info","message":"[GET] 200 - /projects/6676b3b45fdba47a77517839/tasks - 10ms - User-Agent: Artillery (https://artillery.io)","timestamp":"2024-06-23 15:04:58"}
{"level":"info","message":"[GET] 200 - /projects/6676b3b45fdba47a77517839/tasks - 6ms - User-Agent: Artillery (https://artillery.io)","timestamp":"2024-06-23 15:04:58"}
{"level":"info","message":"[GET] 200 - /projects/6676b3b45fdba47a77517839/tasks - 6ms - User-Agent: Artillery (https://artillery.io)","timestamp":"2024-06-23 15:04:58"}
{"level":"info","message":"[GET] 200 - /projects/6676b3b45fdba47a77517839/tasks - 7ms - User-Agent: Artillery (https://artillery.io)","timestamp":"2024-06-23 15:04:58"}{"level":"info","message":"[GET] 200 - /projects/6676b3b45fdba47a77517839/tasks - 30ms - User-Agent: Artillery (https://artillery.io)","timestamp":"2024-06-23 21:23:37"}
{"level":"info","message":"[GET] 200 - /projects/6676b3b45fdba47a77517839/tasks - 8ms - User-Agent: Artillery (https://artillery.io)","timestamp":"2024-06-23 21:23:37"}
{"level":"info","message":"[GET] 200 - /projects/6676b3b45fdba47a77517839/tasks - 6ms - User-Agent: Artillery (https://artillery.io)","timestamp":"2024-06-23 21:23:37"}
{"level":"info","message":"[GET] 200 - /projects/6676b3b45fdba47a77517839/tasks - 7ms - User-Agent: Artillery (https://artillery.io)","timestamp":"2024-06-23 21:23:37"}
{"level":"info","message":"[GET] 200 - /projects/6676b3b45fdba47a77517839/tasks - 32ms - User-Agent: Artillery (https://artillery.io)","timestamp":"2024-06-23 21:23:37"}
{"level":"info","message":"[GET] 200 - /projects/6676b3b45fdba47a77517839/tasks - 30ms - User-Agent: Artillery (https://artillery.io)","timestamp":"2024-06-23 21:23:37"}
{"level":"info","message":"[GET] 200 - /projects/6676b3b45fdba47a77517839/tasks - 8ms - User-Agent: Artillery (https://artillery.io)","timestamp":"2024-06-23 21:23:37"}
{"level":"info","message":"[GET] 200 - /projects/6676b3b45fdba47a77517839/tasks - 12ms - User-Agent: Artillery (https://artillery.io)","timestamp":"2024-06-23 21:23:37"}
{"level":"info","message":"[GET] 200 - /projects/6676b3b45fdba47a77517839/tasks - 10ms - User-Agent: Artillery (https://artillery.io)","timestamp":"2024-06-23 21:23:37"}
{"level":"info","message":"[GET] 200 - /projects/6676b3b45fdba47a77517839/tasks - 6ms - User-Agent: Artillery (https://artillery.io)","timestamp":"2024-06-23 21:23:37"}
{"level":"info","message":"[GET] 200 - /projects/6676b3b45fdba47a77517839/tasks - 38ms - User-Agent: Artillery (https://artillery.io)","timestamp":"2024-06-23 21:23:37"}
{"level":"info","message":"[GET] 200 - /projects/6676b3b45fdba47a77517839/tasks - 34ms - User-Agent: Artillery (https://artillery.io)","timestamp":"2024-06-23 21:23:37"}
{"level":"info","message":"[GET] 200 - /projects/6676b3b45fdba47a77517839/tasks - 57ms - User-Agent: Artillery (https://artillery.io)","timestamp":"2024-06-23 21:23:37"}
{"level":"info","message":"[GET] 200 - /projects/6676b3b45fdba47a77517839/tasks - 58ms - User-Agent: Artillery (https://artillery.io)","timestamp":"2024-06-23 21:23:37"}
{"level":"info","message":"[GET] 200 - /projects/6676b3b45fdba47a77517839/tasks - 25ms - User-Agent: Artillery (https://artillery.io)","timestamp":"2024-06-23 21:23:37"}
{"level":"info","message":"[GET] 200 - /projects/6676b3b45fdba47a77517839/tasks - 11ms - User-Agent: Artillery (https://artillery.io)","timestamp":"2024-06-23 21:23:37"}
{"level":"info","message":"[GET] 200 - /projects/6676b3b45fdba47a77517839/tasks - 19ms - User-Agent: Artillery (https://artillery.io)","timestamp":"2024-06-23 21:23:37"}
{"level":"info","message":"[GET] 200 - /projects/6676b3b45fdba47a77517839/tasks - 100ms - User-Agent: Artillery (https://artillery.io)","timestamp":"2024-06-23 21:23:37"}
{"level":"info","message":"[GET] 200 - /projects/6676b3b45fdba47a77517839/tasks - 12ms - User-Agent: Artillery (https://artillery.io)","timestamp":"2024-06-23 21:23:37"}
{"level":"info","message":"[GET] 200 - /projects/6676b3b45fdba47a77517839/tasks - 23ms - User-Agent: Artillery (https://artillery.io)","timestamp":"2024-06-23 21:23:37"}
{"level":"info","message":"[GET] 200 - /projects/6676b3b45fdba47a77517839/tasks - 90ms - User-Agent: Artillery (https://artillery.io)","timestamp":"2024-06-23 21:23:37"}
{"level":"info","message":"[GET] 200 - /projects/6676b3b45fdba47a77517839/tasks - 118ms - User-Agent: Artillery (https://artillery.io)","timestamp":"2024-06-23 21:23:37"}
{"level":"info","message":"[GET] 200 - /projects/6676b3b45fdba47a77517839/tasks - 131ms - User-Agent: Artillery (https://artillery.io)","timestamp":"2024-06-23 21:23:37"}
{"level":"info","message":"[GET] 200 - /projects/6676b3b45fdba47a77517839/tasks - 37ms - User-Agent: Artillery (https://artillery.io)","timestamp":"2024-06-23 21:23:37"}
{"level":"info","message":"[GET] 200 - /projects/6676b3b45fdba47a77517839/tasks - 39ms - User-Agent: Artillery (https://artillery.io)","timestamp":"2024-06-23 21:23:37"}
{"level":"info","message":"[GET] 200 - /projects/6676b3b45fdba47a77517839/tasks - 41ms - User-Agent: Artillery (https://artillery.io)","timestamp":"2024-06-23 21:23:37"}
{"level":"info","message":"[GET] 200 - /projects/6676b3b45fdba47a77517839/tasks - 12ms - User-Agent: Artillery (https://artillery.io)","timestamp":"2024-06-23 21:23:37"}
{"level":"info","message":"[GET] 200 - /projects/6676b3b45fdba47a77517839/tasks - 9ms - User-Agent: Artillery (https://artillery.io)","timestamp":"2024-06-23 21:23:37"}
{"level":"info","message":"[GET] 200 - /projects/6676b3b45fdba47a77517839/tasks - 36ms - User-Agent: Artillery (https://artillery.io)","timestamp":"2024-06-23 21:23:37"}
{"level":"info","message":"[GET] 200 - /projects/6676b3b45fdba47a77517839/tasks - 14ms - User-Agent: Artillery (https://artillery.io)","timestamp":"2024-06-23 21:23:37"}
{"level":"info","message":"[GET] 200 - /projects/6676b3b45fdba47a77517839/tasks - 89ms - User-Agent: Artillery (https://artillery.io)","timestamp":"2024-06-23 21:23:37"}
{"level":"info","message":"[GET] 200 - /projects/6676b3b45fdba47a77517839/tasks - 31ms - User-Agent: Artillery (https://artillery.io)","timestamp":"2024-06-23 21:23:37"}
{"level":"info","message":"[GET] 200 - /projects/6676b3b45fdba47a77517839/tasks - 14ms - User-Agent: Artillery (https://artillery.io)","timestamp":"2024-06-23 21:23:37"}
{"level":"info","message":"[GET] 200 - /projects/6676b3b45fdba47a77517839/tasks - 21ms - User-Agent: Artillery (https://artillery.io)","timestamp":"2024-06-23 21:23:37"}
{"level":"info","message":"[GET] 200 - /projects/6676b3b45fdba47a77517839/tasks - 15ms - User-Agent: Artillery (https://artillery.io)","timestamp":"2024-06-23 21:23:37"}
{"level":"info","message":"[GET] 200 - /projects/6676b3b45fdba47a77517839/tasks - 11ms - User-Agent: Artillery (https://artillery.io)","timestamp":"2024-06-23 21:23:37"}
{"level":"info","message":"[GET] 200 - /projects/6676b3b45fdba47a77517839/tasks - 14ms - User-Agent: Artillery (https://artillery.io)","timestamp":"2024-06-23 21:23:37"}
{"level":"info","message":"[GET] 200 - /projects/6676b3b45fdba47a77517839/tasks - 8ms - User-Agent: Artillery (https://artillery.io)","timestamp":"2024-06-23 21:23:37"}
{"level":"info","message":"[GET] 200 - /projects/6676b3b45fdba47a77517839/tasks - 12ms - User-Agent: Artillery (https://artillery.io)","timestamp":"2024-06-23 21:23:37"}
{"level":"info","message":"[GET] 200 - /projects/6676b3b45fdba47a77517839/tasks - 14ms - User-Agent: Artillery (https://artillery.io)","timestamp":"2024-06-23 21:23:37"}
{"level":"info","message":"[GET] 200 - /projects/6676b3b45fdba47a77517839/tasks - 11ms - User-Agent: Artillery (https://artillery.io)","timestamp":"2024-06-23 21:23:37"}
{"level":"info","message":"[GET] 200 - /projects/6676b3b45fdba47a77517839/tasks - 16ms - User-Agent: Artillery (https://artillery.io)","timestamp":"2024-06-23 21:23:37"}
{"level":"info","message":"[GET] 200 - /projects/6676b3b45fdba47a77517839/tasks - 13ms - User-Agent: Artillery (https://artillery.io)","timestamp":"2024-06-23 21:23:37"}
{"level":"info","message":"[GET] 200 - /projects/6676b3b45fdba47a77517839/tasks - 15ms - User-Agent: Artillery (https://artillery.io)","timestamp":"2024-06-23 21:23:37"}
{"level":"info","message":"[GET] 200 - /projects/6676b3b45fdba47a77517839/tasks - 7ms - User-Agent: Artillery (https://artillery.io)","timestamp":"2024-06-23 21:23:37"}
{"level":"info","message":"[GET] 200 - /projects/6676b3b45fdba47a77517839/tasks - 7ms - User-Agent: Artillery (https://artillery.io)","timestamp":"2024-06-23 21:23:37"}
{"level":"info","message":"[GET] 200 - /projects/6676b3b45fdba47a77517839/tasks - 10ms - User-Agent: Artillery (https://artillery.io)","timestamp":"2024-06-23 21:23:37"}
{"level":"info","message":"[GET] 200 - /projects/6676b3b45fdba47a77517839/tasks - 14ms - User-Agent: Artillery (https://artillery.io)","timestamp":"2024-06-23 21:23:37"}
{"level":"info","message":"[GET] 200 - /projects/6676b3b45fdba47a77517839/tasks - 11ms - User-Agent: Artillery (https://artillery.io)","timestamp":"2024-06-23 21:23:37"}
{"level":"info","message":"[GET] 200 - /projects/6676b3b45fdba47a77517839/tasks - 8ms - User-Agent: Artillery (https://artillery.io)","timestamp":"2024-06-23 21:23:37"}
{"level":"info","message":"[GET] 200 - /projects/6676b3b45fdba47a77517839/tasks - 13ms - User-Agent: Artillery (https://artillery.io)","timestamp":"2024-06-23 21:23:37"}
{"level":"info","message":"[GET] 200 - /projects/6676b3b45fdba47a77517839/tasks - 7ms - User-Agent: Artillery (https://artillery.io)","timestamp":"2024-06-23 21:23:37"}
{"level":"info","message":"[GET] 200 - /projects/6676b3b45fdba47a77517839/tasks - 13ms - User-Agent: Artillery (https://artillery.io)","timestamp":"2024-06-23 21:23:37"}
{"level":"info","message":"[GET] 200 - /projects/6676b3b45fdba47a77517839/tasks - 13ms - User-Agent: Artillery (https://artillery.io)","timestamp":"2024-06-23 21:23:37"}
{"level":"info","message":"[GET] 200 - /projects/6676b3b45fdba47a77517839/tasks - 12ms - User-Agent: Artillery (https://artillery.io)","timestamp":"2024-06-23 21:23:37"}
{"level":"info","message":"[GET] 200 - /projects/6676b3b45fdba47a77517839/tasks - 11ms - User-Agent: Artillery (https://artillery.io)","timestamp":"2024-06-23 21:23:37"}
{"level":"info","message":"[GET] 200 - /projects/6676b3b45fdba47a77517839/tasks - 10ms - User-Agent: Artillery (https://artillery.io)","timestamp":"2024-06-23 21:23:37"}
{"level":"info","message":"[GET] 200 - /projects/6676b3b45fdba47a77517839/tasks - 15ms - User-Agent: Artillery (https://artillery.io)","timestamp":"2024-06-23 21:23:37"}
{"level":"info","message":"[GET] 200 - /projects/6676b3b45fdba47a77517839/tasks - 10ms - User-Agent: Artillery (https://artillery.io)","timestamp":"2024-06-23 21:23:37"}
{"level":"info","message":"[GET] 200 - /projects/6676b3b45fdba47a77517839/tasks - 7ms - User-Agent: Artillery (https://artillery.io)","timestamp":"2024-06-23 21:23:37"}
{"level":"info","message":"[GET] 200 - /projects/6676b3b45fdba47a77517839/tasks - 11ms - User-Agent: Artillery (https://artillery.io)","timestamp":"2024-06-23 21:23:37"}
{"level":"info","message":"[GET] 200 - /projects/6676b3b45fdba47a77517839/tasks - 6ms - User-Agent: Artillery (https://artillery.io)","timestamp":"2024-06-23 21:23:37"}
{"level":"info","message":"[GET] 200 - /projects/6676b3b45fdba47a77517839/tasks - 6ms - User-Agent: Artillery (https://artillery.io)","timestamp":"2024-06-23 21:23:37"}
{"level":"info","message":"[GET] 200 - /projects/6676b3b45fdba47a77517839/tasks - 8ms - User-Agent: Artillery (https://artillery.io)","timestamp":"2024-06-23 21:23:37"}
{"level":"info","message":"[GET] 200 - /projects/6676b3b45fdba47a77517839/tasks - 9ms - User-Agent: Artillery (https://artillery.io)","timestamp":"2024-06-23 21:23:37"}
{"level":"info","message":"[GET] 200 - /projects/6676b3b45fdba47a77517839/tasks - 5ms - User-Agent: Artillery (https://artillery.io)","timestamp":"2024-06-23 21:23:37"}
{"level":"info","message":"[GET] 200 - /projects/6676b3b45fdba47a77517839/tasks - 7ms - User-Agent: Artillery (https://artillery.io)","timestamp":"2024-06-23 21:23:37"}
{"level":"info","message":"[GET] 200 - /projects/6676b3b45fdba47a77517839/tasks - 9ms - User-Agent: Artillery (https://artillery.io)","timestamp":"2024-06-23 21:23:37"}
{"level":"info","message":"[GET] 200 - /projects/6676b3b45fdba47a77517839/tasks - 7ms - User-Agent: Artillery (https://artillery.io)","timestamp":"2024-06-23 21:23:37"}
{"level":"info","message":"[GET] 200 - /projects/6676b3b45fdba47a77517839/tasks - 6ms - User-Agent: Artillery (https://artillery.io)","timestamp":"2024-06-23 21:23:37"}
{"level":"info","message":"[GET] 200 - /projects/6676b3b45fdba47a77517839/tasks - 9ms - User-Agent: Artillery (https://artillery.io)","timestamp":"2024-06-23 21:23:37"}
{"level":"info","message":"[GET] 200 - /projects/6676b3b45fdba47a77517839/tasks - 10ms - User-Agent: Artillery (https://artillery.io)","timestamp":"2024-06-23 21:23:37"}
{"level":"info","message":"[GET] 200 - /projects/6676b3b45fdba47a77517839/tasks - 7ms - User-Agent: Artillery (https://artillery.io)","timestamp":"2024-06-23 21:23:38"}
{"level":"info","message":"[GET] 200 - /projects/6676b3b45fdba47a77517839/tasks - 6ms - User-Agent: Artillery (https://artillery.io)","timestamp":"2024-06-23 21:23:38"}
{"level":"info","message":"[GET] 200 - /projects/6676b3b45fdba47a77517839/tasks - 7ms - User-Agent: Artillery (https://artillery.io)","timestamp":"2024-06-23 21:23:38"}
{"level":"info","message":"[GET] 200 - /projects/6676b3b45fdba47a77517839/tasks - 7ms - User-Agent: Artillery (https://artillery.io)","timestamp":"2024-06-23 21:23:38"}
{"level":"info","message":"[GET] 200 - /projects/6676b3b45fdba47a77517839/tasks - 6ms - User-Agent: Artillery (https://artillery.io)","timestamp":"2024-06-23 21:23:38"}
{"level":"info","message":"[GET] 200 - /projects/6676b3b45fdba47a77517839/tasks - 7ms - User-Agent: Artillery (https://artillery.io)","timestamp":"2024-06-23 21:23:38"}
{"level":"info","message":"[GET] 200 - /projects/6676b3b45fdba47a77517839/tasks - 9ms - User-Agent: Artillery (https://artillery.io)","timestamp":"2024-06-23 21:23:38"}
{"level":"info","message":"[GET] 200 - /projects/6676b3b45fdba47a77517839/tasks - 5ms - User-Agent: Artillery (https://artillery.io)","timestamp":"2024-06-23 21:23:38"}
{"level":"info","message":"[GET] 200 - /projects/6676b3b45fdba47a77517839/tasks - 8ms - User-Agent: Artillery (https://artillery.io)","timestamp":"2024-06-23 21:23:38"}
{"level":"info","message":"[GET] 200 - /projects/6676b3b45fdba47a77517839/tasks - 10ms - User-Agent: Artillery (https://artillery.io)","timestamp":"2024-06-23 21:23:38"}
{"level":"info","message":"[GET] 200 - /projects/6676b3b45fdba47a77517839/tasks - 7ms - User-Agent: Artillery (https://artillery.io)","timestamp":"2024-06-23 21:23:38"}
{"level":"info","message":"[GET] 200 - /projects/6676b3b45fdba47a77517839/tasks - 6ms - User-Agent: Artillery (https://artillery.io)","timestamp":"2024-06-23 21:23:38"}
{"level":"info","message":"[GET] 200 - /projects/6676b3b45fdba47a77517839/tasks - 5ms - User-Agent: Artillery (https://artillery.io)","timestamp":"2024-06-23 21:23:38"}
{"level":"info","message":"[GET] 200 - /projects/6676b3b45fdba47a77517839/tasks - 6ms - User-Agent: Artillery (https://artillery.io)","timestamp":"2024-06-23 21:23:38"}
{"level":"info","message":"[GET] 200 - /projects/6676b3b45fdba47a77517839/tasks - 6ms - User-Agent: Artillery (https://artillery.io)","timestamp":"2024-06-23 21:23:38"}
{"level":"info","message":"[GET] 200 - /projects/6676b3b45fdba47a77517839/tasks - 8ms - User-Agent: Artillery (https://artillery.io)","timestamp":"2024-06-23 21:23:38"}
{"level":"info","message":"[GET] 200 - /projects/6676b3b45fdba47a77517839/tasks - 7ms - User-Agent: Artillery (https://artillery.io)","timestamp":"2024-06-23 21:23:38"}
{"level":"info","message":"[GET] 200 - /projects/6676b3b45fdba47a77517839/tasks - 5ms - User-Agent: Artillery (https://artillery.io)","timestamp":"2024-06-23 21:23:38"}
{"level":"info","message":"[GET] 200 - /projects/6676b3b45fdba47a77517839/tasks - 11ms - User-Agent: Artillery (https://artillery.io)","timestamp":"2024-06-23 21:23:38"}
{"level":"info","message":"[GET] 200 - /projects/6676b3b45fdba47a77517839/tasks - 14ms - User-Agent: Artillery (https://artillery.io)","timestamp":"2024-06-23 21:23:38"}
{"level":"info","message":"[GET] 200 - /projects/6676b3b45fdba47a77517839/tasks - 16ms - User-Agent: Artillery (https://artillery.io)","timestamp":"2024-06-23 21:23:38"}
{"level":"info","message":"[GET] 200 - /projects/6676b3b45fdba47a77517839/tasks - 16ms - User-Agent: Artillery (https://artillery.io)","timestamp":"2024-06-23 21:23:38"}
{"level":"info","message":"[GET] 200 - /projects/6676b3b45fdba47a77517839/tasks - 8ms - User-Agent: Artillery (https://artillery.io)","timestamp":"2024-06-23 21:23:38"}
{"level":"info","message":"[GET] 200 - /projects/6676b3b45fdba47a77517839/tasks - 8ms - User-Agent: Artillery (https://artillery.io)","timestamp":"2024-06-23 21:23:38"}
{"level":"info","message":"[GET] 200 - /projects/6676b3b45fdba47a77517839/tasks - 20ms - User-Agent: Artillery (https://artillery.io)","timestamp":"2024-06-23 21:23:38"}
{"level":"info","message":"[GET] 200 - /projects/6676b3b45fdba47a77517839/tasks - 8ms - User-Agent: Artillery (https://artillery.io)","timestamp":"2024-06-23 21:23:38"}
{"level":"info","message":"[GET] 200 - /projects/6676b3b45fdba47a77517839/tasks - 6ms - User-Agent: Artillery (https://artillery.io)","timestamp":"2024-06-23 21:23:38"}
{"level":"info","message":"[GET] 200 - /projects/6676b3b45fdba47a77517839/tasks - 6ms - User-Agent: Artillery (https://artillery.io)","timestamp":"2024-06-23 21:23:38"}
{"level":"info","message":"[GET] 200 - /projects - 25ms - User-Agent: PostmanRuntime/7.39.0","timestamp":"2024-06-23 21:41:46"}
{"level":"info","message":"[GET] 200 - /projects/66768f07eda43da24c5627e7 - 12ms - User-Agent: PostmanRuntime/7.39.0","timestamp":"2024-06-23 21:44:18"}
{"level":"info","message":"[POST] 201 - /projects - 29ms - User-Agent: PostmanRuntime/7.39.0","timestamp":"2024-06-23 21:47:10"}
{"level":"info","message":"[PUT] 200 - /projects/6678356eeabaac44c6e9716a - 34ms - User-Agent: PostmanRuntime/7.39.0","timestamp":"2024-06-23 21:48:04"}
{"level":"info","message":"[GET] 200 - /projects - 5ms - User-Agent: PostmanRuntime/7.39.0","timestamp":"2024-06-23 21:48:08"}
{"level":"info","message":"[DELETE] 200 - /projects/6676f1c71e5137d5a291a995 - 5ms - User-Agent: PostmanRuntime/7.39.0","timestamp":"2024-06-23 21:48:35"}
{"level":"info","message":"[GET] 200 - /projects - 3ms - User-Agent: PostmanRuntime/7.39.0","timestamp":"2024-06-23 21:48:41"}
{"level":"info","message":"[GET] 200 - /projects - 16ms - User-Agent: PostmanRuntime/7.39.0","timestamp":"2024-06-23 21:57:27"}
{"level":"info","message":"[GET] 200 - /projects/66768f07eda43da24c5627e7 - 3ms - User-Agent: PostmanRuntime/7.39.0","timestamp":"2024-06-23 21:57:34"}
{"level":"info","message":"[GET] 500 - /projects/66768f07eda43da24c5627e7a - 7ms - User-Agent: PostmanRuntime/7.39.0","timestamp":"2024-06-23 21:57:38"}
{"level":"info","message":"[GET] 404 - /projects/66768f07eda43da24c5627ea - 5ms - User-Agent: PostmanRuntime/7.39.0","timestamp":"2024-06-23 21:57:45"}
{"level":"info","message":"[GET] 200 - /projects/66768f07eda43da24c5627e7 - 5ms - User-Agent: PostmanRuntime/7.39.0","timestamp":"2024-06-23 21:57:50"}
{"level":"info","message":"[POST] 201 - /projects - 5ms - User-Agent: PostmanRuntime/7.39.0","timestamp":"2024-06-23 21:57:59"}
{"level":"info","message":"[PUT] 200 - /projects/667837f7eabaac44c6e97174 - 6ms - User-Agent: PostmanRuntime/7.39.0","timestamp":"2024-06-23 21:58:18"}
{"level":"info","message":"[DELETE] 200 - /projects/667837f7eabaac44c6e97174 - 4ms - User-Agent: PostmanRuntime/7.39.0","timestamp":"2024-06-23 21:58:26"}
{"level":"info","message":"[GET] 200 - /projects/66768f07eda43da24c5627e7/tasks - 21ms - User-Agent: PostmanRuntime/7.39.0","timestamp":"2024-06-23 21:59:30"}
{"level":"info","message":"[GET] 404 - /tasks/66769ad1c479608cc3ad3792 - 4ms - User-Agent: PostmanRuntime/7.39.0","timestamp":"2024-06-23 22:00:48"}
{"level":"info","message":"[PUT] 200 - /tasks/66769ad1c479608cc3ad3792 - 22ms - User-Agent: PostmanRuntime/7.39.0","timestamp":"2024-06-23 22:03:08"}
{"level":"info","message":"[PUT] 200 - /tasks/66769ad1c479608cc3ad3792 - 11ms - User-Agent: PostmanRuntime/7.39.0","timestamp":"2024-06-23 22:03:20"}
{"level":"info","message":"[PUT] 422 - /tasks/66769aedc479608cc3ad379d - 9ms - User-Agent: PostmanRuntime/7.39.0","timestamp":"2024-06-23 22:03:48"}
{"level":"info","message":"[PUT] 422 - /tasks/66769aedc479608cc3ad379d - 27ms - User-Agent: PostmanRuntime/7.39.0","timestamp":"2024-06-23 22:03:54"}
{"level":"info","message":"[GET] 200 - /tasks/search - 18ms - User-Agent: PostmanRuntime/7.39.0","timestamp":"2024-06-23 22:05:02"}
{"level":"info","message":"[PUT] 422 - /tasks/66769aedc479608cc3ad379d - 19ms - User-Agent: PostmanRuntime/7.39.0","timestamp":"2024-06-23 22:05:35"}
{"level":"info","message":"[GET] 200 - /projects/66768f07eda43da24c5627e7/tasks - 14ms - User-Agent: PostmanRuntime/7.39.0","timestamp":"2024-06-23 22:08:07"}
{"level":"info","message":"[PUT] 200 - /tasks/66769ad1c479608cc3ad3792 - 22ms - User-Agent: PostmanRuntime/7.39.0","timestamp":"2024-06-23 22:10:04"}
{"level":"info","message":"[GET] 200 - /projects/66768f07eda43da24c5627e7/tasks - 21ms - User-Agent: PostmanRuntime/7.39.0","timestamp":"2024-06-23 22:10:09"}
{"level":"info","message":"[PUT] 422 - /tasks/66769aedc479608cc3ad379d - 5ms - User-Agent: PostmanRuntime/7.39.0","timestamp":"2024-06-23 22:10:27"}
{"level":"info","message":"[PUT] 200 - /tasks/66769aedc479608cc3ad379d - 23ms - User-Agent: PostmanRuntime/7.39.0","timestamp":"2024-06-23 22:11:05"}
{"level":"info","message":"[GET] 404 - /projects/66768f07eda43da24c5627e7/tasks - 7ms - User-Agent: PostmanRuntime/7.39.0","timestamp":"2024-06-23 22:12:23"}
{"level":"info","message":"[GET] 404 - /projects - 3ms - User-Agent: PostmanRuntime/7.39.0","timestamp":"2024-06-23 22:12:28"}
{"level":"info","message":"[POST] 201 - /projects - 12ms - User-Agent: PostmanRuntime/7.39.0","timestamp":"2024-06-23 22:13:20"}
{"level":"info","message":"[GET] 200 - /projects - 4ms - User-Agent: PostmanRuntime/7.39.0","timestamp":"2024-06-23 22:13:25"}
{"level":"info","message":"[POST] 201 - /projects/66783b90eabaac44c6e9718b/tasks - 49ms - User-Agent: PostmanRuntime/7.39.0","timestamp":"2024-06-23 22:13:50"}
{"level":"info","message":"[GET] 404 - /projects/66768f07eda43da24c5627e7/tasks - 4ms - User-Agent: PostmanRuntime/7.39.0","timestamp":"2024-06-23 22:13:53"}
{"level":"info","message":"[GET] 200 - /projects/66783b90eabaac44c6e9718b/tasks - 10ms - User-Agent: PostmanRuntime/7.39.0","timestamp":"2024-06-23 22:14:08"}
{"level":"info","message":"[POST] 201 - /projects/66783b90eabaac44c6e9718b/tasks - 17ms - User-Agent: PostmanRuntime/7.39.0","timestamp":"2024-06-23 22:14:33"}
{"level":"info","message":"[GET] 200 - /projects/66783b90eabaac44c6e9718b/tasks - 7ms - User-Agent: PostmanRuntime/7.39.0","timestamp":"2024-06-23 22:14:36"}
{"level":"info","message":"[GET] 200 - /tasks/search - 4ms - User-Agent: PostmanRuntime/7.39.0","timestamp":"2024-06-23 22:14:55"}
{"level":"info","message":"[GET] 404 - /tasks/search - 5ms - User-Agent: PostmanRuntime/7.39.0","timestamp":"2024-06-23 22:15:04"}
{"level":"info","message":"[GET] 200 - /tasks/search - 4ms - User-Agent: PostmanRuntime/7.39.0","timestamp":"2024-06-23 22:15:11"}
{"level":"info","message":"[GET] 404 - /completedtasks/66783bae040602bf9b39fafa - 3ms - User-Agent: PostmanRuntime/7.39.0","timestamp":"2024-06-23 22:16:22"}
{"level":"info","message":"[GET] 404 - /completedtasks/66783bae040602bf9b39fafa - 1ms - User-Agent: PostmanRuntime/7.39.0","timestamp":"2024-06-23 22:16:54"}
{"level":"info","message":"[GET] 200 - /projects/66783b90eabaac44c6e9718b/tasks - 12ms - User-Agent: PostmanRuntime/7.39.0","timestamp":"2024-06-23 22:18:14"}
{"level":"info","message":"[GET] 404 - /projects/66783b90eabaac44c6e9718b/uncompletedtasks - 5ms - User-Agent: PostmanRuntime/7.39.0","timestamp":"2024-06-23 22:18:34"}
{"level":"info","message":"[GET] 404 - /projects/66783b90eabaac44c6e9718b/completedtasks - 14ms - User-Agent: PostmanRuntime/7.39.0","timestamp":"2024-06-23 22:19:17"}
{"level":"info","message":"[GET] 200 - /projects/66783b90eabaac44c6e9718b/uncompletedtasks - 42ms - User-Agent: PostmanRuntime/7.39.0","timestamp":"2024-06-23 22:20:15"}
{"level":"info","message":"[GET] 404 - /projects/66783b90eabaac44c6e9718b/completedtasks - 6ms - User-Agent: PostmanRuntime/7.39.0","timestamp":"2024-06-23 22:20:19"}
{"level":"info","message":"[GET] 200 - /projects/66783b90eabaac44c6e9718b/tasks - 32ms - User-Agent: PostmanRuntime/7.39.0","timestamp":"2024-06-23 22:21:55"}
{"level":"info","message":"[PUT] 200 - /completedtasks/66783bae040602bf9b39fafa - 15ms - User-Agent: PostmanRuntime/7.39.0","timestamp":"2024-06-23 22:22:23"}
{"level":"info","message":"[GET] 200 - /projects/66783b90eabaac44c6e9718b/uncompletedtasks - 8ms - User-Agent: PostmanRuntime/7.39.0","timestamp":"2024-06-23 22:22:33"}
{"level":"info","message":"[GET] 200 - /projects/66783b90eabaac44c6e9718b/completedtasks - 5ms - User-Agent: PostmanRuntime/7.39.0","timestamp":"2024-06-23 22:22:36"}
{"level":"info","message":"[GET] 200 - /projects/66783b90eabaac44c6e9718b/tasks - 8ms - User-Agent: PostmanRuntime/7.39.0","timestamp":"2024-06-23 22:22:40"}
{"level":"info","message":"[GET] 200 - /projects/66783b90eabaac44c6e9718b/tasks - 24ms - User-Agent: PostmanRuntime/7.39.0","timestamp":"2024-06-23 22:31:32"}
{"level":"info","message":"[POST] 201 - /projects/66783b90eabaac44c6e9718b/tasks - 36ms - User-Agent: PostmanRuntime/7.39.0","timestamp":"2024-06-23 22:31:53"}
{"level":"info","message":"[DELETE] 200 - /tasks/66783fe9bd12df5242c76260 - 6ms - User-Agent: PostmanRuntime/7.39.0","timestamp":"2024-06-23 22:32:07"}
{"level":"info","message":"[GET] 200 - /projects/66783b90eabaac44c6e9718b/tasks - 10ms - User-Agent: PostmanRuntime/7.39.0","timestamp":"2024-06-23 22:32:12"}
